BLOCK 0 @ [00, 00]: SAD 3230 with motion ( 0,  0)
BLOCK 1 @ [01, 00]: SAD 1520 with motion (-11,  1)
BLOCK 2 @ [02, 00]: SAD 950 with motion (-9,  1)
BLOCK 3 @ [03, 00]: SAD 0 with motion ( 0,  0)
BLOCK 4 @ [04, 00]: SAD 0 with motion ( 0,  0)
BLOCK 5 @ [05, 00]: SAD 0 with motion ( 0,  0)
BLOCK 6 @ [06, 00]: SAD 0 with motion ( 0,  0)
BLOCK 7 @ [07, 00]: SAD 0 with motion ( 0,  0)
BLOCK 8 @ [08, 00]: SAD 0 with motion ( 0,  0)
BLOCK 9 @ [09, 00]: SAD 0 with motion ( 0,  0)
BLOCK 10 @ [10, 00]: SAD 0 with motion ( 0,  0)
BLOCK 11 @ [11, 00]: SAD 0 with motion ( 0,  0)
BLOCK 12 @ [12, 00]: SAD 0 with motion ( 0,  0)
BLOCK 13 @ [13, 00]: SAD 0 with motion ( 0,  0)
BLOCK 14 @ [14, 00]: SAD 0 with motion ( 0,  0)
BLOCK 15 @ [15, 00]: SAD 0 with motion ( 0,  0)
BLOCK 16 @ [16, 00]: SAD 0 with motion ( 0,  0)
BLOCK 17 @ [17, 00]: SAD 0 with motion ( 0,  0)
BLOCK 18 @ [18, 00]: SAD 0 with motion ( 0,  0)
BLOCK 19 @ [19, 00]: SAD 0 with motion ( 0,  0)
BLOCK 15 @ [00, 01]: SAD 4180 with motion ( 1, -16)
BLOCK 16 @ [01, 01]: SAD 21280 with motion ( 0,  0)
BLOCK 17 @ [02, 01]: SAD 20900 with motion (-7, -16)
BLOCK 18 @ [03, 01]: SAD 0 with motion ( 0,  0)
BLOCK 19 @ [04, 01]: SAD 0 with motion ( 0,  0)
BLOCK 20 @ [05, 01]: SAD 0 with motion ( 0,  0)
BLOCK 21 @ [06, 01]: SAD 0 with motion ( 0,  0)
BLOCK 22 @ [07, 01]: SAD 0 with motion ( 0,  0)
BLOCK 23 @ [08, 01]: SAD 0 with motion ( 0,  0)
BLOCK 24 @ [09, 01]: SAD 0 with motion ( 0,  0)
BLOCK 25 @ [10, 01]: SAD 0 with motion ( 0,  0)
BLOCK 26 @ [11, 01]: SAD 0 with motion ( 0,  0)
BLOCK 27 @ [12, 01]: SAD 0 with motion ( 0,  0)
BLOCK 28 @ [13, 01]: SAD 0 with motion ( 0,  0)
BLOCK 29 @ [14, 01]: SAD 0 with motion ( 0,  0)
BLOCK 30 @ [15, 01]: SAD 0 with motion ( 0,  0)
BLOCK 31 @ [16, 01]: SAD 0 with motion ( 0,  0)
BLOCK 32 @ [17, 01]: SAD 0 with motion ( 0,  0)
BLOCK 33 @ [18, 01]: SAD 0 with motion ( 0,  0)
BLOCK 34 @ [19, 01]: SAD 0 with motion ( 0,  0)
BLOCK 30 @ [00, 02]: SAD 0 with motion ( 0,  0)
BLOCK 31 @ [01, 02]: SAD 0 with motion ( 0,  0)
BLOCK 32 @ [02, 02]: SAD 0 with motion ( 0,  0)
BLOCK 33 @ [03, 02]: SAD 0 with motion ( 0,  0)
BLOCK 34 @ [04, 02]: SAD 0 with motion ( 0,  0)
BLOCK 35 @ [05, 02]: SAD 0 with motion ( 0,  0)
BLOCK 36 @ [06, 02]: SAD 0 with motion ( 0,  0)
BLOCK 37 @ [07, 02]: SAD 0 with motion ( 0,  0)
BLOCK 38 @ [08, 02]: SAD 0 with motion ( 0,  0)
BLOCK 39 @ [09, 02]: SAD 0 with motion ( 0,  0)
BLOCK 40 @ [10, 02]: SAD 0 with motion ( 0,  0)
BLOCK 41 @ [11, 02]: SAD 0 with motion ( 0,  0)
BLOCK 42 @ [12, 02]: SAD 0 with motion ( 0,  0)
BLOCK 43 @ [13, 02]: SAD 0 with motion ( 0,  0)
BLOCK 44 @ [14, 02]: SAD 0 with motion ( 0,  0)
BLOCK 45 @ [15, 02]: SAD 0 with motion ( 0,  0)
BLOCK 46 @ [16, 02]: SAD 0 with motion ( 0,  0)
BLOCK 47 @ [17, 02]: SAD 0 with motion ( 0,  0)
BLOCK 48 @ [18, 02]: SAD 0 with motion ( 0,  0)
BLOCK 49 @ [19, 02]: SAD 0 with motion ( 0,  0)
BLOCK 45 @ [00, 03]: SAD 0 with motion ( 0,  0)
BLOCK 46 @ [01, 03]: SAD 0 with motion ( 0,  0)
BLOCK 47 @ [02, 03]: SAD 0 with motion ( 0,  0)
BLOCK 48 @ [03, 03]: SAD 0 with motion ( 0,  0)
BLOCK 49 @ [04, 03]: SAD 0 with motion ( 0,  0)
BLOCK 50 @ [05, 03]: SAD 0 with motion ( 0,  0)
BLOCK 51 @ [06, 03]: SAD 0 with motion ( 0,  0)
BLOCK 52 @ [07, 03]: SAD 0 with motion ( 0,  0)
BLOCK 53 @ [08, 03]: SAD 0 with motion ( 0,  0)
BLOCK 54 @ [09, 03]: SAD 0 with motion ( 0,  0)
BLOCK 55 @ [10, 03]: SAD 0 with motion ( 0,  0)
BLOCK 56 @ [11, 03]: SAD 0 with motion ( 0,  0)
BLOCK 57 @ [12, 03]: SAD 0 with motion ( 0,  0)
BLOCK 58 @ [13, 03]: SAD 0 with motion ( 0,  0)
BLOCK 59 @ [14, 03]: SAD 0 with motion ( 0,  0)
BLOCK 60 @ [15, 03]: SAD 0 with motion ( 0,  0)
BLOCK 61 @ [16, 03]: SAD 0 with motion ( 0,  0)
BLOCK 62 @ [17, 03]: SAD 0 with motion ( 0,  0)
BLOCK 63 @ [18, 03]: SAD 0 with motion ( 0,  0)
BLOCK 64 @ [19, 03]: SAD 0 with motion ( 0,  0)
BLOCK 60 @ [00, 04]: SAD 0 with motion ( 0,  0)
BLOCK 61 @ [01, 04]: SAD 0 with motion ( 0,  0)
BLOCK 62 @ [02, 04]: SAD 0 with motion ( 0,  0)
BLOCK 63 @ [03, 04]: SAD 0 with motion ( 0,  0)
BLOCK 64 @ [04, 04]: SAD 0 with motion ( 0,  0)
BLOCK 65 @ [05, 04]: SAD 0 with motion ( 0,  0)
BLOCK 66 @ [06, 04]: SAD 0 with motion ( 0,  0)
BLOCK 67 @ [07, 04]: SAD 0 with motion ( 0,  0)
BLOCK 68 @ [08, 04]: SAD 0 with motion ( 0,  0)
BLOCK 69 @ [09, 04]: SAD 0 with motion ( 0,  0)
BLOCK 70 @ [10, 04]: SAD 0 with motion ( 0,  0)
BLOCK 71 @ [11, 04]: SAD 0 with motion ( 0,  0)
BLOCK 72 @ [12, 04]: SAD 0 with motion ( 0,  0)
BLOCK 73 @ [13, 04]: SAD 0 with motion ( 0,  0)
BLOCK 74 @ [14, 04]: SAD 0 with motion ( 0,  0)
BLOCK 75 @ [15, 04]: SAD 0 with motion ( 0,  0)
BLOCK 76 @ [16, 04]: SAD 0 with motion ( 0,  0)
BLOCK 77 @ [17, 04]: SAD 0 with motion ( 0,  0)
BLOCK 78 @ [18, 04]: SAD 0 with motion ( 0,  0)
BLOCK 79 @ [19, 04]: SAD 0 with motion ( 0,  0)
BLOCK 75 @ [00, 05]: SAD 0 with motion ( 0,  0)
BLOCK 76 @ [01, 05]: SAD 0 with motion ( 0,  0)
BLOCK 77 @ [02, 05]: SAD 0 with motion ( 0,  0)
BLOCK 78 @ [03, 05]: SAD 0 with motion ( 0,  0)
BLOCK 79 @ [04, 05]: SAD 0 with motion ( 0,  0)
BLOCK 80 @ [05, 05]: SAD 0 with motion ( 0,  0)
BLOCK 81 @ [06, 05]: SAD 0 with motion ( 0,  0)
BLOCK 82 @ [07, 05]: SAD 0 with motion ( 0,  0)
BLOCK 83 @ [08, 05]: SAD 0 with motion ( 0,  0)
BLOCK 84 @ [09, 05]: SAD 0 with motion ( 0,  0)
BLOCK 85 @ [10, 05]: SAD 0 with motion ( 0,  0)
BLOCK 86 @ [11, 05]: SAD 0 with motion ( 0,  0)
BLOCK 87 @ [12, 05]: SAD 0 with motion ( 0,  0)
BLOCK 88 @ [13, 05]: SAD 0 with motion ( 0,  0)
BLOCK 89 @ [14, 05]: SAD 0 with motion ( 0,  0)
BLOCK 90 @ [15, 05]: SAD 0 with motion ( 0,  0)
BLOCK 91 @ [16, 05]: SAD 0 with motion ( 0,  0)
BLOCK 92 @ [17, 05]: SAD 0 with motion ( 0,  0)
BLOCK 93 @ [18, 05]: SAD 0 with motion ( 0,  0)
BLOCK 94 @ [19, 05]: SAD 0 with motion ( 0,  0)
BLOCK 90 @ [00, 06]: SAD 0 with motion ( 0,  0)
BLOCK 91 @ [01, 06]: SAD 0 with motion ( 0,  0)
BLOCK 92 @ [02, 06]: SAD 0 with motion ( 0,  0)
BLOCK 93 @ [03, 06]: SAD 0 with motion ( 0,  0)
BLOCK 94 @ [04, 06]: SAD 0 with motion ( 0,  0)
BLOCK 95 @ [05, 06]: SAD 0 with motion ( 0,  0)
BLOCK 96 @ [06, 06]: SAD 0 with motion ( 0,  0)
BLOCK 97 @ [07, 06]: SAD 0 with motion ( 0,  0)
BLOCK 98 @ [08, 06]: SAD 0 with motion ( 0,  0)
BLOCK 99 @ [09, 06]: SAD 0 with motion ( 0,  0)
BLOCK 100 @ [10, 06]: SAD 0 with motion ( 0,  0)
BLOCK 101 @ [11, 06]: SAD 0 with motion ( 0,  0)
BLOCK 102 @ [12, 06]: SAD 0 with motion ( 0,  0)
BLOCK 103 @ [13, 06]: SAD 0 with motion ( 0,  0)
BLOCK 104 @ [14, 06]: SAD 0 with motion ( 0,  0)
BLOCK 105 @ [15, 06]: SAD 0 with motion ( 0,  0)
BLOCK 106 @ [16, 06]: SAD 0 with motion ( 0,  0)
BLOCK 107 @ [17, 06]: SAD 0 with motion ( 0,  0)
BLOCK 108 @ [18, 06]: SAD 0 with motion ( 0,  0)
BLOCK 109 @ [19, 06]: SAD 0 with motion ( 0,  0)
BLOCK 105 @ [00, 07]: SAD 0 with motion ( 0,  0)
BLOCK 106 @ [01, 07]: SAD 0 with motion ( 0,  0)
BLOCK 107 @ [02, 07]: SAD 0 with motion ( 0,  0)
BLOCK 108 @ [03, 07]: SAD 0 with motion ( 0,  0)
BLOCK 109 @ [04, 07]: SAD 0 with motion ( 0,  0)
BLOCK 110 @ [05, 07]: SAD 0 with motion ( 0,  0)
BLOCK 111 @ [06, 07]: SAD 0 with motion ( 0,  0)
BLOCK 112 @ [07, 07]: SAD 0 with motion ( 0,  0)
BLOCK 113 @ [08, 07]: SAD 0 with motion ( 0,  0)
BLOCK 114 @ [09, 07]: SAD 0 with motion ( 0,  0)
BLOCK 115 @ [10, 07]: SAD 0 with motion ( 0,  0)
BLOCK 116 @ [11, 07]: SAD 0 with motion ( 0,  0)
BLOCK 117 @ [12, 07]: SAD 0 with motion ( 0,  0)
BLOCK 118 @ [13, 07]: SAD 0 with motion ( 0,  0)
BLOCK 119 @ [14, 07]: SAD 0 with motion ( 0,  0)
BLOCK 120 @ [15, 07]: SAD 0 with motion ( 0,  0)
BLOCK 121 @ [16, 07]: SAD 0 with motion ( 0,  0)
BLOCK 122 @ [17, 07]: SAD 0 with motion ( 0,  0)
BLOCK 123 @ [18, 07]: SAD 0 with motion ( 0,  0)
BLOCK 124 @ [19, 07]: SAD 0 with motion ( 0,  0)
BLOCK 120 @ [00, 08]: SAD 0 with motion ( 0,  0)
BLOCK 121 @ [01, 08]: SAD 0 with motion ( 0,  0)
BLOCK 122 @ [02, 08]: SAD 0 with motion ( 0,  0)
BLOCK 123 @ [03, 08]: SAD 0 with motion ( 0,  0)
BLOCK 124 @ [04, 08]: SAD 0 with motion ( 0,  0)
BLOCK 125 @ [05, 08]: SAD 0 with motion ( 0,  0)
BLOCK 126 @ [06, 08]: SAD 0 with motion ( 0,  0)
BLOCK 127 @ [07, 08]: SAD 0 with motion ( 0,  0)
BLOCK 128 @ [08, 08]: SAD 0 with motion ( 0,  0)
BLOCK 129 @ [09, 08]: SAD 0 with motion ( 0,  0)
BLOCK 130 @ [10, 08]: SAD 0 with motion ( 0,  0)
BLOCK 131 @ [11, 08]: SAD 0 with motion ( 0,  0)
BLOCK 132 @ [12, 08]: SAD 0 with motion ( 0,  0)
BLOCK 133 @ [13, 08]: SAD 0 with motion ( 0,  0)
BLOCK 134 @ [14, 08]: SAD 0 with motion ( 0,  0)
BLOCK 135 @ [15, 08]: SAD 0 with motion ( 0,  0)
BLOCK 136 @ [16, 08]: SAD 0 with motion ( 0,  0)
BLOCK 137 @ [17, 08]: SAD 0 with motion ( 0,  0)
BLOCK 138 @ [18, 08]: SAD 0 with motion ( 0,  0)
BLOCK 139 @ [19, 08]: SAD 0 with motion ( 0,  0)
BLOCK 135 @ [00, 09]: SAD 0 with motion ( 0,  0)
BLOCK 136 @ [01, 09]: SAD 0 with motion ( 0,  0)
BLOCK 137 @ [02, 09]: SAD 0 with motion ( 0,  0)
BLOCK 138 @ [03, 09]: SAD 0 with motion ( 0,  0)
BLOCK 139 @ [04, 09]: SAD 0 with motion ( 0,  0)
BLOCK 140 @ [05, 09]: SAD 0 with motion ( 0,  0)
BLOCK 141 @ [06, 09]: SAD 0 with motion ( 0,  0)
BLOCK 142 @ [07, 09]: SAD 0 with motion ( 0,  0)
BLOCK 143 @ [08, 09]: SAD 0 with motion ( 0,  0)
BLOCK 144 @ [09, 09]: SAD 0 with motion ( 0,  0)
BLOCK 145 @ [10, 09]: SAD 0 with motion ( 0,  0)
BLOCK 146 @ [11, 09]: SAD 0 with motion ( 0,  0)
BLOCK 147 @ [12, 09]: SAD 0 with motion ( 0,  0)
BLOCK 148 @ [13, 09]: SAD 0 with motion ( 0,  0)
BLOCK 149 @ [14, 09]: SAD 0 with motion ( 0,  0)
BLOCK 150 @ [15, 09]: SAD 0 with motion ( 0,  0)
BLOCK 151 @ [16, 09]: SAD 0 with motion ( 0,  0)
BLOCK 152 @ [17, 09]: SAD 0 with motion ( 0,  0)
BLOCK 153 @ [18, 09]: SAD 0 with motion ( 0,  0)
BLOCK 154 @ [19, 09]: SAD 0 with motion ( 0,  0)
BLOCK 150 @ [00, 10]: SAD 0 with motion ( 0,  0)
BLOCK 151 @ [01, 10]: SAD 0 with motion ( 0,  0)
BLOCK 152 @ [02, 10]: SAD 0 with motion ( 0,  0)
BLOCK 153 @ [03, 10]: SAD 0 with motion ( 0,  0)
BLOCK 154 @ [04, 10]: SAD 0 with motion ( 0,  0)
BLOCK 155 @ [05, 10]: SAD 0 with motion ( 0,  0)
BLOCK 156 @ [06, 10]: SAD 0 with motion ( 0,  0)
BLOCK 157 @ [07, 10]: SAD 0 with motion ( 0,  0)
BLOCK 158 @ [08, 10]: SAD 0 with motion ( 0,  0)
BLOCK 159 @ [09, 10]: SAD 0 with motion ( 0,  0)
BLOCK 160 @ [10, 10]: SAD 0 with motion ( 0,  0)
BLOCK 161 @ [11, 10]: SAD 0 with motion ( 0,  0)
BLOCK 162 @ [12, 10]: SAD 0 with motion ( 0,  0)
BLOCK 163 @ [13, 10]: SAD 0 with motion ( 0,  0)
BLOCK 164 @ [14, 10]: SAD 0 with motion ( 0,  0)
BLOCK 165 @ [15, 10]: SAD 0 with motion ( 0,  0)
BLOCK 166 @ [16, 10]: SAD 0 with motion ( 0,  0)
BLOCK 167 @ [17, 10]: SAD 0 with motion ( 0,  0)
BLOCK 168 @ [18, 10]: SAD 0 with motion ( 0,  0)
BLOCK 169 @ [19, 10]: SAD 0 with motion ( 0,  0)
BLOCK 165 @ [00, 11]: SAD 0 with motion ( 0,  0)
BLOCK 166 @ [01, 11]: SAD 0 with motion ( 0,  0)
BLOCK 167 @ [02, 11]: SAD 0 with motion ( 0,  0)
BLOCK 168 @ [03, 11]: SAD 0 with motion ( 0,  0)
BLOCK 169 @ [04, 11]: SAD 0 with motion ( 0,  0)
BLOCK 170 @ [05, 11]: SAD 0 with motion ( 0,  0)
BLOCK 171 @ [06, 11]: SAD 0 with motion ( 0,  0)
BLOCK 172 @ [07, 11]: SAD 0 with motion ( 0,  0)
BLOCK 173 @ [08, 11]: SAD 0 with motion ( 0,  0)
BLOCK 174 @ [09, 11]: SAD 0 with motion ( 0,  0)
BLOCK 175 @ [10, 11]: SAD 0 with motion ( 0,  0)
BLOCK 176 @ [11, 11]: SAD 0 with motion ( 0,  0)
BLOCK 177 @ [12, 11]: SAD 0 with motion ( 0,  0)
BLOCK 178 @ [13, 11]: SAD 0 with motion ( 0,  0)
BLOCK 179 @ [14, 11]: SAD 0 with motion ( 0,  0)
BLOCK 180 @ [15, 11]: SAD 0 with motion ( 0,  0)
BLOCK 181 @ [16, 11]: SAD 0 with motion ( 0,  0)
BLOCK 182 @ [17, 11]: SAD 0 with motion ( 0,  0)
BLOCK 183 @ [18, 11]: SAD 0 with motion ( 0,  0)
BLOCK 184 @ [19, 11]: SAD 0 with motion ( 0,  0)
BLOCK 180 @ [00, 12]: SAD 0 with motion ( 0,  0)
BLOCK 181 @ [01, 12]: SAD 0 with motion ( 0,  0)
BLOCK 182 @ [02, 12]: SAD 0 with motion ( 0,  0)
BLOCK 183 @ [03, 12]: SAD 0 with motion ( 0,  0)
BLOCK 184 @ [04, 12]: SAD 0 with motion ( 0,  0)
BLOCK 185 @ [05, 12]: SAD 0 with motion ( 0,  0)
BLOCK 186 @ [06, 12]: SAD 0 with motion ( 0,  0)
BLOCK 187 @ [07, 12]: SAD 0 with motion ( 0,  0)
BLOCK 188 @ [08, 12]: SAD 0 with motion ( 0,  0)
BLOCK 189 @ [09, 12]: SAD 0 with motion ( 0,  0)
BLOCK 190 @ [10, 12]: SAD 0 with motion ( 0,  0)
BLOCK 191 @ [11, 12]: SAD 0 with motion ( 0,  0)
BLOCK 192 @ [12, 12]: SAD 0 with motion ( 0,  0)
BLOCK 193 @ [13, 12]: SAD 0 with motion ( 0,  0)
BLOCK 194 @ [14, 12]: SAD 0 with motion ( 0,  0)
BLOCK 195 @ [15, 12]: SAD 0 with motion ( 0,  0)
BLOCK 196 @ [16, 12]: SAD 0 with motion ( 0,  0)
BLOCK 197 @ [17, 12]: SAD 0 with motion ( 0,  0)
BLOCK 198 @ [18, 12]: SAD 0 with motion ( 0,  0)
BLOCK 199 @ [19, 12]: SAD 0 with motion ( 0,  0)
BLOCK 195 @ [00, 13]: SAD 0 with motion ( 0,  0)
BLOCK 196 @ [01, 13]: SAD 0 with motion ( 0,  0)
BLOCK 197 @ [02, 13]: SAD 0 with motion ( 0,  0)
BLOCK 198 @ [03, 13]: SAD 0 with motion ( 0,  0)
BLOCK 199 @ [04, 13]: SAD 0 with motion ( 0,  0)
BLOCK 200 @ [05, 13]: SAD 0 with motion ( 0,  0)
BLOCK 201 @ [06, 13]: SAD 0 with motion ( 0,  0)
BLOCK 202 @ [07, 13]: SAD 0 with motion ( 0,  0)
BLOCK 203 @ [08, 13]: SAD 0 with motion ( 0,  0)
BLOCK 204 @ [09, 13]: SAD 0 with motion ( 0,  0)
BLOCK 205 @ [10, 13]: SAD 0 with motion ( 0,  0)
BLOCK 206 @ [11, 13]: SAD 0 with motion ( 0,  0)
BLOCK 207 @ [12, 13]: SAD 0 with motion ( 0,  0)
BLOCK 208 @ [13, 13]: SAD 0 with motion ( 0,  0)
BLOCK 209 @ [14, 13]: SAD 0 with motion ( 0,  0)
BLOCK 210 @ [15, 13]: SAD 0 with motion ( 0,  0)
BLOCK 211 @ [16, 13]: SAD 0 with motion ( 0,  0)
BLOCK 212 @ [17, 13]: SAD 0 with motion ( 0,  0)
BLOCK 213 @ [18, 13]: SAD 0 with motion ( 0,  0)
BLOCK 214 @ [19, 13]: SAD 0 with motion ( 0,  0)
BLOCK 210 @ [00, 14]: SAD 0 with motion ( 0,  0)
BLOCK 211 @ [01, 14]: SAD 0 with motion ( 0,  0)
BLOCK 212 @ [02, 14]: SAD 0 with motion ( 0,  0)
BLOCK 213 @ [03, 14]: SAD 0 with motion ( 0,  0)
BLOCK 214 @ [04, 14]: SAD 0 with motion ( 0,  0)
BLOCK 215 @ [05, 14]: SAD 0 with motion ( 0,  0)
BLOCK 216 @ [06, 14]: SAD 0 with motion ( 0,  0)
BLOCK 217 @ [07, 14]: SAD 0 with motion ( 0,  0)
BLOCK 218 @ [08, 14]: SAD 0 with motion ( 0,  0)
BLOCK 219 @ [09, 14]: SAD 0 with motion ( 0,  0)
BLOCK 220 @ [10, 14]: SAD 0 with motion ( 0,  0)
BLOCK 221 @ [11, 14]: SAD 0 with motion ( 0,  0)
BLOCK 222 @ [12, 14]: SAD 0 with motion ( 0,  0)
BLOCK 223 @ [13, 14]: SAD 0 with motion ( 0,  0)
BLOCK 224 @ [14, 14]: SAD 0 with motion ( 0,  0)
BLOCK 225 @ [15, 14]: SAD 0 with motion ( 0,  0)
BLOCK 226 @ [16, 14]: SAD 0 with motion ( 0,  0)
BLOCK 227 @ [17, 14]: SAD 0 with motion ( 0,  0)
BLOCK 228 @ [18, 14]: SAD 0 with motion ( 0,  0)
BLOCK 229 @ [19, 14]: SAD 0 with motion ( 0,  0)
Completed in 0.000961.
